<?xml version="1.0" encoding="UTF-8"?>
<testsuite name="APIAutomationRestAssured5X"
           tests="2"
           failures="0"
           errors="0"
           skipped="0"
           time="0.005">
    <properties></properties>



            <testcase
                name="serverStartedOk"
                time="0.005"
                classname="com.thetestingacademy.testng.testngexamples.TestNG010">
            </testcase>
            <testcase
                name="method1"
                time="0.000"
                classname="com.thetestingacademy.testng.testngexamples.TestNG010">
            </testcase>
</testsuite>
