<?xml version="1.0" encoding="UTF-8"?>
<testsuite name="/Users/pramod/Documents/Code/APIAutomationRestAssured5X"
           tests="1"
           failures="0"
           errors="0"
           skipped="0"
           time="3.758">
    <properties></properties>



            <testcase
                name="testNonBDDStylePOSTPositive"
                time="3.758"
                classname="com.thetestingacademy.tests.crud.POST.NonBDDStylePOST">
            </testcase>
</testsuite>
