<?xml version="1.0" encoding="UTF-8"?>
<testsuite name="APIAutomationRestAssured5X"
           tests="3"
           failures="0"
           errors="0"
           skipped="0"
           time="0.007">
    <properties></properties>



            <testcase
                name="demo2"
                time="0.000"
                classname="com.thetestingacademy.testng.testngexamples.PriorityDemo">
            </testcase>
            <testcase
                name="demo3"
                time="0.006"
                classname="com.thetestingacademy.testng.testngexamples.PriorityDemo">
            </testcase>
            <testcase
                name="demo1"
                time="0.001"
                classname="com.thetestingacademy.testng.testngexamples.PriorityDemo">
            </testcase>
</testsuite>
