<?xml version="1.0" encoding="UTF-8"?>
<testsuite name="APIAutomationRestAssured5X"
           tests="2"
           failures="0"
           errors="0"
           skipped="0"
           time="0.004">
    <properties></properties>



            <testcase
                name="testLoginData"
                time="0.001"
                classname="com.thetestingacademy.testng.ddt.DDT01">
            </testcase>
            <testcase
                name="testLoginData"
                time="0.003"
                classname="com.thetestingacademy.testng.ddt.DDT01">
            </testcase>
</testsuite>
